[ 2025-12-25 16:43:46,414 ] 1025 httpx - INFO - HTTP Request: GET https://dagshub.com/api/v1/user "HTTP/1.1 200 OK"
[ 2025-12-25 16:43:46,431 ] 107 dagshub - INFO - Accessing as udayasankar.jalli
[ 2025-12-25 16:43:49,205 ] 1025 httpx - INFO - HTTP Request: GET https://dagshub.com/api/v1/repos/udayasankar.jalli/networksecurity "HTTP/1.1 200 OK"
[ 2025-12-25 16:43:51,051 ] 1025 httpx - INFO - HTTP Request: GET https://dagshub.com/api/v1/user "HTTP/1.1 200 OK"
[ 2025-12-25 16:43:51,061 ] 107 dagshub - INFO - Initialized MLflow to track repo "udayasankar.jalli/networksecurity"
[ 2025-12-25 16:43:51,063 ] 107 dagshub - INFO - Repository udayasankar.jalli/networksecurity initialized!
[ 2025-12-25 16:44:38,330 ] 42 root - INFO - Start data Ingestion
[ 2025-12-25 16:44:44,096 ] 65 root - INFO - Performed train test split on the dataframe
[ 2025-12-25 16:44:44,096 ] 67 root - INFO - Exited split_data_as_train_test method of Data_Ingestion class
[ 2025-12-25 16:44:44,098 ] 75 root - INFO - Exporting train and test file path.
[ 2025-12-25 16:44:44,369 ] 84 root - INFO - Exported train and test file path.
[ 2025-12-25 16:44:44,369 ] 45 root - INFO - Data Ingestion completed and artifact: DataIngestionArtifact(trained_file_path='Artifacts\\12_25_2025_16_42_58\\data_ingestion\\ingested\\train.csv', test_file_path='Artifacts\\12_25_2025_16_42_58\\data_ingestion\\ingested\\test.csv')
[ 2025-12-25 16:44:44,396 ] 55 root - INFO - Initiate the data Validation
[ 2025-12-25 16:44:44,481 ] 32 root - INFO - Required number of columns:2
[ 2025-12-25 16:44:44,481 ] 33 root - INFO - Data frame has columns:31
[ 2025-12-25 16:44:44,481 ] 32 root - INFO - Required number of columns:2
[ 2025-12-25 16:44:44,481 ] 33 root - INFO - Data frame has columns:31
[ 2025-12-25 16:44:45,065 ] 63 root - INFO - Entered initiate_data_transformation method of DataTransformation class
[ 2025-12-25 16:44:45,065 ] 65 root - INFO - Starting data transformation
[ 2025-12-25 16:44:45,150 ] 48 root - INFO - Entered get_data_trnasformer_object method of Trnasformation class
[ 2025-12-25 16:44:45,150 ] 53 root - INFO - Initialise KNNImputer with {'missing_values': nan, 'n_neighbors': 3, 'weights': 'uniform'}
[ 2025-12-25 16:44:45,186 ] 46 root - INFO - Entered the save_object method of MainUtils class
[ 2025-12-25 16:44:45,193 ] 50 root - INFO - Exited the save_object method of MainUtils class
[ 2025-12-25 16:44:45,193 ] 46 root - INFO - Entered the save_object method of MainUtils class
[ 2025-12-25 16:44:45,197 ] 50 root - INFO - Exited the save_object method of MainUtils class
[ 2025-12-25 16:55:25,067 ] 46 root - INFO - Entered the save_object method of MainUtils class
[ 2025-12-25 16:55:25,069 ] 50 root - INFO - Exited the save_object method of MainUtils class
[ 2025-12-25 16:55:25,069 ] 46 root - INFO - Entered the save_object method of MainUtils class
[ 2025-12-25 16:55:25,080 ] 50 root - INFO - Exited the save_object method of MainUtils class
[ 2025-12-25 16:55:25,080 ] 148 root - INFO - Model trainer artifact: ModelTrainerArtifact(trained_model_file_path='Artifacts\\12_25_2025_16_42_58\\model_trainer\\trained_model\\model.pkl', train_metric_artifact=ClassificationMetricArtifact(f1_score=0.9910164530130211, precision_score=0.9887210473313193, recall_score=0.9933225414811817), test_metric_artifact=ClassificationMetricArtifact(f1_score=0.9743171626579699, precision_score=0.9652665589660743, recall_score=0.9835390946502057))
