[ 2025-12-25 19:12:33,014 ] 1025 httpx - INFO - HTTP Request: GET https://dagshub.com/api/v1/user "HTTP/1.1 200 OK"
[ 2025-12-25 19:12:33,024 ] 107 dagshub - INFO - Accessing as udayasankar.jalli
[ 2025-12-25 19:12:35,376 ] 1025 httpx - INFO - HTTP Request: GET https://dagshub.com/api/v1/repos/udayasankar.jalli/networksecurity "HTTP/1.1 200 OK"
[ 2025-12-25 19:12:38,075 ] 1025 httpx - INFO - HTTP Request: GET https://dagshub.com/api/v1/user "HTTP/1.1 200 OK"
[ 2025-12-25 19:12:38,077 ] 107 dagshub - INFO - Initialized MLflow to track repo "udayasankar.jalli/networksecurity"
[ 2025-12-25 19:12:38,077 ] 107 dagshub - INFO - Repository udayasankar.jalli/networksecurity initialized!
[ 2025-12-25 19:18:38,807 ] 42 root - INFO - Start data Ingestion
[ 2025-12-25 19:18:43,187 ] 65 root - INFO - Performed train test split on the dataframe
[ 2025-12-25 19:18:43,187 ] 67 root - INFO - Exited split_data_as_train_test method of Data_Ingestion class
[ 2025-12-25 19:18:43,187 ] 75 root - INFO - Exporting train and test file path.
[ 2025-12-25 19:18:43,327 ] 84 root - INFO - Exported train and test file path.
[ 2025-12-25 19:18:43,327 ] 45 root - INFO - Data Ingestion completed and artifact: DataIngestionArtifact(trained_file_path='Artifacts\\12_25_2025_19_12_21\\data_ingestion\\ingested\\train.csv', test_file_path='Artifacts\\12_25_2025_19_12_21\\data_ingestion\\ingested\\test.csv')
[ 2025-12-25 19:18:43,342 ] 55 root - INFO - Initiate the data Validation
[ 2025-12-25 19:18:43,386 ] 32 root - INFO - Required number of columns:2
[ 2025-12-25 19:18:43,388 ] 33 root - INFO - Data frame has columns:31
[ 2025-12-25 19:18:43,388 ] 32 root - INFO - Required number of columns:2
[ 2025-12-25 19:18:43,388 ] 33 root - INFO - Data frame has columns:31
[ 2025-12-25 19:18:43,817 ] 63 root - INFO - Entered initiate_data_transformation method of DataTransformation class
[ 2025-12-25 19:18:43,817 ] 65 root - INFO - Starting data transformation
[ 2025-12-25 19:18:43,885 ] 48 root - INFO - Entered get_data_trnasformer_object method of Trnasformation class
[ 2025-12-25 19:18:43,887 ] 53 root - INFO - Initialise KNNImputer with {'missing_values': nan, 'n_neighbors': 3, 'weights': 'uniform'}
[ 2025-12-25 19:18:43,909 ] 46 root - INFO - Entered the save_object method of MainUtils class
[ 2025-12-25 19:18:43,914 ] 50 root - INFO - Exited the save_object method of MainUtils class
[ 2025-12-25 19:18:43,914 ] 46 root - INFO - Entered the save_object method of MainUtils class
[ 2025-12-25 19:18:43,918 ] 50 root - INFO - Exited the save_object method of MainUtils class
[ 2025-12-25 19:26:16,262 ] 46 root - INFO - Entered the save_object method of MainUtils class
[ 2025-12-25 19:26:16,262 ] 50 root - INFO - Exited the save_object method of MainUtils class
[ 2025-12-25 19:26:16,262 ] 46 root - INFO - Entered the save_object method of MainUtils class
[ 2025-12-25 19:26:16,297 ] 50 root - INFO - Exited the save_object method of MainUtils class
[ 2025-12-25 19:26:16,297 ] 148 root - INFO - Model trainer artifact: ModelTrainerArtifact(trained_model_file_path='Artifacts\\12_25_2025_19_12_21\\model_trainer\\trained_model\\model.pkl', train_metric_artifact=ClassificationMetricArtifact(f1_score=0.9912076806467913, precision_score=0.9881120290147088, recall_score=0.9943227899432279), test_metric_artifact=ClassificationMetricArtifact(f1_score=0.9767441860465116, precision_score=0.9763458401305057, recall_score=0.9771428571428571))
