[ 2025-12-25 18:48:00,647 ] 1025 httpx - INFO - HTTP Request: GET https://dagshub.com/api/v1/user "HTTP/1.1 200 OK"
[ 2025-12-25 18:48:00,660 ] 107 dagshub - INFO - Accessing as udayasankar.jalli
[ 2025-12-25 18:48:03,224 ] 1025 httpx - INFO - HTTP Request: GET https://dagshub.com/api/v1/repos/udayasankar.jalli/networksecurity "HTTP/1.1 200 OK"
[ 2025-12-25 18:48:05,662 ] 1025 httpx - INFO - HTTP Request: GET https://dagshub.com/api/v1/user "HTTP/1.1 200 OK"
[ 2025-12-25 18:48:05,666 ] 107 dagshub - INFO - Initialized MLflow to track repo "udayasankar.jalli/networksecurity"
[ 2025-12-25 18:48:05,666 ] 107 dagshub - INFO - Repository udayasankar.jalli/networksecurity initialized!
[ 2025-12-25 18:48:49,840 ] 42 root - INFO - Start data Ingestion
[ 2025-12-25 18:48:57,594 ] 65 root - INFO - Performed train test split on the dataframe
[ 2025-12-25 18:48:57,596 ] 67 root - INFO - Exited split_data_as_train_test method of Data_Ingestion class
[ 2025-12-25 18:48:57,599 ] 75 root - INFO - Exporting train and test file path.
[ 2025-12-25 18:48:57,820 ] 84 root - INFO - Exported train and test file path.
[ 2025-12-25 18:48:57,824 ] 45 root - INFO - Data Ingestion completed and artifact: DataIngestionArtifact(trained_file_path='Artifacts\\12_25_2025_18_47_12\\data_ingestion\\ingested\\train.csv', test_file_path='Artifacts\\12_25_2025_18_47_12\\data_ingestion\\ingested\\test.csv')
[ 2025-12-25 18:48:57,835 ] 55 root - INFO - Initiate the data Validation
[ 2025-12-25 18:48:57,910 ] 32 root - INFO - Required number of columns:2
[ 2025-12-25 18:48:57,912 ] 33 root - INFO - Data frame has columns:31
[ 2025-12-25 18:48:57,912 ] 32 root - INFO - Required number of columns:2
[ 2025-12-25 18:48:57,912 ] 33 root - INFO - Data frame has columns:31
[ 2025-12-25 18:48:58,276 ] 63 root - INFO - Entered initiate_data_transformation method of DataTransformation class
[ 2025-12-25 18:48:58,276 ] 65 root - INFO - Starting data transformation
[ 2025-12-25 18:48:58,336 ] 48 root - INFO - Entered get_data_trnasformer_object method of Trnasformation class
[ 2025-12-25 18:48:58,336 ] 53 root - INFO - Initialise KNNImputer with {'missing_values': nan, 'n_neighbors': 3, 'weights': 'uniform'}
[ 2025-12-25 18:48:58,362 ] 46 root - INFO - Entered the save_object method of MainUtils class
[ 2025-12-25 18:48:58,367 ] 50 root - INFO - Exited the save_object method of MainUtils class
[ 2025-12-25 18:48:58,367 ] 46 root - INFO - Entered the save_object method of MainUtils class
[ 2025-12-25 18:48:58,372 ] 50 root - INFO - Exited the save_object method of MainUtils class
[ 2025-12-25 19:06:29,743 ] 46 root - INFO - Entered the save_object method of MainUtils class
[ 2025-12-25 19:06:29,746 ] 50 root - INFO - Exited the save_object method of MainUtils class
[ 2025-12-25 19:06:29,746 ] 46 root - INFO - Entered the save_object method of MainUtils class
[ 2025-12-25 19:06:29,881 ] 50 root - INFO - Exited the save_object method of MainUtils class
[ 2025-12-25 19:06:29,881 ] 148 root - INFO - Model trainer artifact: ModelTrainerArtifact(trained_model_file_path='Artifacts\\12_25_2025_18_47_12\\model_trainer\\trained_model\\model.pkl', train_metric_artifact=ClassificationMetricArtifact(f1_score=0.9913941480206541, precision_score=0.9868978028623261, recall_score=0.9959316517493898), test_metric_artifact=ClassificationMetricArtifact(f1_score=0.9725864123957092, precision_score=0.9592476489028213, recall_score=0.9863013698630136))
